0 info it worked if it ends with ok
1 verbose cli [ '/usr/local/Cellar/nvm/0.31.6/versions/node/v6.6.0/bin/node',
1 verbose cli   '/usr/local/opt/nvm/versions/node/v6.6.0/bin/npm',
1 verbose cli   'run',
1 verbose cli   'deploy' ]
2 info using npm@3.10.3
3 info using node@v6.6.0
4 verbose run-script [ 'predeploy', 'deploy', 'postdeploy' ]
5 info lifecycle your-action-app@0.0.1~predeploy: your-action-app@0.0.1
6 silly lifecycle your-action-app@0.0.1~predeploy: no script for predeploy, continuing
7 info lifecycle your-action-app@0.0.1~deploy: your-action-app@0.0.1
8 verbose lifecycle your-action-app@0.0.1~deploy: unsafe-perm in lifecycle true
9 verbose lifecycle your-action-app@0.0.1~deploy: PATH: /usr/local/Cellar/nvm/0.31.6/versions/node/v6.6.0/lib/node_modules/npm/bin/node-gyp-bin:/Users/regnerblokandersen/git/personal/aura/node_modules/.bin:/usr/local/Cellar/nvm/0.31.6/versions/node/v6.6.0/bin:/usr/local/opt/nvm/versions/node/v6.6.0/bin:/Users/regnerblokandersen/Downloads/google-cloud-sdk/bin:/usr/local/bin:/usr/bin:/bin:/usr/sbin:/sbin
10 verbose lifecycle your-action-app@0.0.1~deploy: CWD: /Users/regnerblokandersen/git/personal/aura
11 silly lifecycle your-action-app@0.0.1~deploy: Args: [ '-c',
11 silly lifecycle   'gcloud alpha functions deploy aura --source-url=https://source.developers.google.com/p/personal-projects-1369/r/aura --trigger-http --source-path=/ --source-branch=master --entry-point=root --memory=128MB' ]
12 silly lifecycle your-action-app@0.0.1~deploy: Returned: code: 1  signal: null
13 info lifecycle your-action-app@0.0.1~deploy: Failed to exec deploy script
14 verbose stack Error: your-action-app@0.0.1 deploy: `gcloud alpha functions deploy aura --source-url=https://source.developers.google.com/p/personal-projects-1369/r/aura --trigger-http --source-path=/ --source-branch=master --entry-point=root --memory=128MB`
14 verbose stack Exit status 1
14 verbose stack     at EventEmitter.<anonymous> (/usr/local/Cellar/nvm/0.31.6/versions/node/v6.6.0/lib/node_modules/npm/lib/utils/lifecycle.js:242:16)
14 verbose stack     at emitTwo (events.js:106:13)
14 verbose stack     at EventEmitter.emit (events.js:191:7)
14 verbose stack     at ChildProcess.<anonymous> (/usr/local/Cellar/nvm/0.31.6/versions/node/v6.6.0/lib/node_modules/npm/lib/utils/spawn.js:40:14)
14 verbose stack     at emitTwo (events.js:106:13)
14 verbose stack     at ChildProcess.emit (events.js:191:7)
14 verbose stack     at maybeClose (internal/child_process.js:877:16)
14 verbose stack     at Process.ChildProcess._handle.onexit (internal/child_process.js:226:5)
15 verbose pkgid your-action-app@0.0.1
16 verbose cwd /Users/regnerblokandersen/git/personal/aura
17 error Darwin 16.1.0
18 error argv "/usr/local/Cellar/nvm/0.31.6/versions/node/v6.6.0/bin/node" "/usr/local/opt/nvm/versions/node/v6.6.0/bin/npm" "run" "deploy"
19 error node v6.6.0
20 error npm  v3.10.3
21 error code ELIFECYCLE
22 error your-action-app@0.0.1 deploy: `gcloud alpha functions deploy aura --source-url=https://source.developers.google.com/p/personal-projects-1369/r/aura --trigger-http --source-path=/ --source-branch=master --entry-point=root --memory=128MB`
22 error Exit status 1
23 error Failed at the your-action-app@0.0.1 deploy script 'gcloud alpha functions deploy aura --source-url=https://source.developers.google.com/p/personal-projects-1369/r/aura --trigger-http --source-path=/ --source-branch=master --entry-point=root --memory=128MB'.
23 error Make sure you have the latest version of node.js and npm installed.
23 error If you do, this is most likely a problem with the your-action-app package,
23 error not with npm itself.
23 error Tell the author that this fails on your system:
23 error     gcloud alpha functions deploy aura --source-url=https://source.developers.google.com/p/personal-projects-1369/r/aura --trigger-http --source-path=/ --source-branch=master --entry-point=root --memory=128MB
23 error You can get information on how to open an issue for this project with:
23 error     npm bugs your-action-app
23 error Or if that isn't available, you can get their info via:
23 error     npm owner ls your-action-app
23 error There is likely additional logging output above.
24 verbose exit [ 1, true ]
